<?xml version="1.0" encoding="UTF-8"?>
<!-- Generated by org.testng.reporters.JUnitReportReporter -->
<testsuite hostname="DESKTOP-2O2SFBR" failures="0" tests="2" name="pruebaIV" time="0.016" errors="0" timestamp="27 Sep 2022 20:14:32 GMT">
  <testcase classname="pruebaIV" name="f" time="0.000"/>
  <testcase classname="pruebaIV" name="f" time="0.016"/>
</testsuite> <!-- pruebaIV -->
